# JRE version: Java(TM) SE Runtime Environment (19.0.2+7) (build 19.0.2+7-44)
# Java VM: Java HotSpot(TM) 64-Bit Server VM (19.0.2+7-44, mixed mode, sharing, tiered, compressed oops, compressed class ptrs, g1 gc, windows-amd64)
GC Precious Log:
 CardTable entry size: 512
 Card Set container configuration: InlinePtr #cards 4 size 8 Array Of Cards #cards 16 size 48 Howl #buckets 8 coarsen threshold 3686 Howl Bitmap #cards 512 size 80 coarsen threshold 460 Card regions per heap region 1 cards per card region 4096
 CPUs: 20 total, 20 available
 Memory: 16068M
 Large Page Support: Disabled
 NUMA Support: Disabled
 Compressed Oops: Enabled (Zero based)
 Heap Region Size: 2M
 Heap Min Capacity: 8M
 Heap Initial Capacity: 252M
 Heap Max Capacity: 4018M
 Pre-touch: Disabled
 Parallel Workers: 15
 Concurrent Workers: 4
 Concurrent Refinement Workers: 15
 Periodic GC: Disabled
Heap:
 garbage-first heap   total 286720K, used 153770K [0x0000000704e00000, 0x0000000800000000)
  region size 2048K, 43 young (88064K), 3 survivors (6144K)
 Metaspace       used 2655K, committed 2816K, reserved 1114112K
  class space    used 236K, committed 320K, reserved 1048576K
GC Heap History (14 events):
Event: 0.073 GC heap before
{Heap before GC invocations=0 (full 0):
 garbage-first heap   total 258048K, used 22528K [0x0000000704e00000, 0x0000000800000000)
  region size 2048K, 11 young (22528K), 0 survivors (0K)
 Metaspace       used 375K, committed 512K, reserved 1114112K
  class space    used 23K, committed 128K, reserved 1048576K
}
Event: 0.077 GC heap after
{Heap after GC invocations=1 (full 0):
 garbage-first heap   total 258048K, used 7584K [0x0000000704e00000, 0x0000000800000000)
  region size 2048K, 2 young (4096K), 2 survivors (4096K)
 Metaspace       used 375K, committed 512K, reserved 1114112K
  class space    used 23K, committed 128K, reserved 1048576K
}
Event: 0.100 GC heap before
{Heap before GC invocations=1 (full 0):
 garbage-first heap   total 258048K, used 28064K [0x0000000704e00000, 0x0000000800000000)
  region size 2048K, 12 young (24576K), 2 survivors (4096K)
 Metaspace       used 399K, committed 576K, reserved 1114112K
  class space    used 23K, committed 128K, reserved 1048576K
}
Event: 0.104 GC heap after
{Heap after GC invocations=2 (full 0):
 garbage-first heap   total 258048K, used 13765K [0x0000000704e00000, 0x0000000800000000)
  region size 2048K, 2 young (4096K), 2 survivors (4096K)
 Metaspace       used 399K, committed 576K, reserved 1114112K
  class space    used 23K, committed 128K, reserved 1048576K
}
Event: 0.146 GC heap before
{Heap before GC invocations=2 (full 0):
 garbage-first heap   total 258048K, used 56773K [0x0000000704e00000, 0x0000000800000000)
  region size 2048K, 23 young (47104K), 2 survivors (4096K)
 Metaspace       used 428K, committed 576K, reserved 1114112K
  class space    used 23K, committed 128K, reserved 1048576K
}
Event: 0.153 GC heap after
{Heap after GC invocations=3 (full 0):
 garbage-first heap   total 258048K, used 32003K [0x0000000704e00000, 0x0000000800000000)
  region size 2048K, 3 young (6144K), 3 survivors (6144K)
 Metaspace       used 428K, committed 576K, reserved 1114112K
  class space    used 23K, committed 128K, reserved 1048576K
}
Event: 0.394 GC heap before
{Heap before GC invocations=3 (full 0):
 garbage-first heap   total 258048K, used 87299K [0x0000000704e00000, 0x0000000800000000)
  region size 2048K, 30 young (61440K), 3 survivors (6144K)
 Metaspace       used 494K, committed 704K, reserved 1114112K
  class space    used 28K, committed 128K, reserved 1048576K
}
Event: 0.404 GC heap after
{Heap after GC invocations=4 (full 0):
 garbage-first heap   total 258048K, used 47537K [0x0000000704e00000, 0x0000000800000000)
  region size 2048K, 4 young (8192K), 4 survivors (8192K)
 Metaspace       used 494K, committed 704K, reserved 1114112K
  class space    used 28K, committed 128K, reserved 1048576K
}
Event: 0.621 GC heap before
{Heap before GC invocations=4 (full 0):
 garbage-first heap   total 258048K, used 106929K [0x0000000704e00000, 0x0000000800000000)
  region size 2048K, 34 young (69632K), 4 survivors (8192K)
 Metaspace       used 2053K, committed 2240K, reserved 1114112K
  class space    used 166K, committed 256K, reserved 1048576K
}
Event: 0.627 GC heap after
{Heap after GC invocations=5 (full 0):
 garbage-first heap   total 516096K, used 57600K [0x0000000704e00000, 0x0000000800000000)
  region size 2048K, 5 young (10240K), 5 survivors (10240K)
 Metaspace       used 2053K, committed 2240K, reserved 1114112K
  class space    used 166K, committed 256K, reserved 1048576K
}
Event: 1.215 GC heap before
{Heap before GC invocations=5 (full 0):
 garbage-first heap   total 516096K, used 352512K [0x0000000704e00000, 0x0000000800000000)
  region size 2048K, 151 young (309248K), 5 survivors (10240K)
 Metaspace       used 2257K, committed 2368K, reserved 1114112K
  class space    used 194K, committed 256K, reserved 1048576K
}
Event: 1.249 GC heap after
{Heap after GC invocations=6 (full 1):
 garbage-first heap   total 286720K, used 69910K [0x0000000704e00000, 0x0000000800000000)
  region size 2048K, 0 young (0K), 0 survivors (0K)
 Metaspace       used 2257K, committed 2368K, reserved 1114112K
  class space    used 194K, committed 256K, reserved 1048576K
}
Event: 57.610 GC heap before
{Heap before GC invocations=6 (full 1):
 garbage-first heap   total 286720K, used 180502K [0x0000000704e00000, 0x0000000800000000)
  region size 2048K, 55 young (112640K), 0 survivors (0K)
 Metaspace       used 2596K, committed 2816K, reserved 1114112K
  class space    used 232K, committed 320K, reserved 1048576K
}
Event: 57.614 GC heap after
{Heap after GC invocations=7 (full 1):
 garbage-first heap   total 286720K, used 75946K [0x0000000704e00000, 0x0000000800000000)
  region size 2048K, 3 young (6144K), 3 survivors (6144K)
 Metaspace       used 2596K, committed 2816K, reserved 1114112K
  class space    used 232K, committed 320K, reserved 1048576K
}

