# JRE version: Java(TM) SE Runtime Environment (19.0.2+7) (build 19.0.2+7-44)
# Java VM: Java HotSpot(TM) 64-Bit Server VM (19.0.2+7-44, mixed mode, sharing, tiered, compressed oops, compressed class ptrs, g1 gc, windows-amd64)
GC Precious Log:
 CardTable entry size: 512
 Card Set container configuration: InlinePtr #cards 4 size 8 Array Of Cards #cards 16 size 48 Howl #buckets 8 coarsen threshold 3686 Howl Bitmap #cards 512 size 80 coarsen threshold 460 Card regions per heap region 1 cards per card region 4096
 CPUs: 20 total, 20 available
 Memory: 16068M
 Large Page Support: Disabled
 NUMA Support: Disabled
 Compressed Oops: Enabled (Zero based)
 Heap Region Size: 2M
 Heap Min Capacity: 8M
 Heap Initial Capacity: 252M
 Heap Max Capacity: 4018M
 Pre-touch: Disabled
 Parallel Workers: 15
 Concurrent Workers: 4
 Concurrent Refinement Workers: 15
 Periodic GC: Disabled
Heap:
 garbage-first heap   total 225280K, used 82839K [0x0000000704e00000, 0x0000000800000000)
  region size 2048K, 15 young (30720K), 4 survivors (8192K)
 Metaspace       used 2657K, committed 2816K, reserved 1114112K
  class space    used 236K, committed 320K, reserved 1048576K
GC Heap History (16 events):
Event: 0.076 GC heap before
{Heap before GC invocations=0 (full 0):
 garbage-first heap   total 258048K, used 22528K [0x0000000704e00000, 0x0000000800000000)
  region size 2048K, 11 young (22528K), 0 survivors (0K)
 Metaspace       used 376K, committed 512K, reserved 1114112K
  class space    used 23K, committed 128K, reserved 1048576K
}
Event: 0.080 GC heap after
{Heap after GC invocations=1 (full 0):
 garbage-first heap   total 258048K, used 7624K [0x0000000704e00000, 0x0000000800000000)
  region size 2048K, 2 young (4096K), 2 survivors (4096K)
 Metaspace       used 376K, committed 512K, reserved 1114112K
  class space    used 23K, committed 128K, reserved 1048576K
}
Event: 0.106 GC heap before
{Heap before GC invocations=1 (full 0):
 garbage-first heap   total 258048K, used 28104K [0x0000000704e00000, 0x0000000800000000)
  region size 2048K, 12 young (24576K), 2 survivors (4096K)
 Metaspace       used 404K, committed 576K, reserved 1114112K
  class space    used 23K, committed 128K, reserved 1048576K
}
Event: 0.109 GC heap after
{Heap after GC invocations=2 (full 0):
 garbage-first heap   total 258048K, used 13662K [0x0000000704e00000, 0x0000000800000000)
  region size 2048K, 2 young (4096K), 2 survivors (4096K)
 Metaspace       used 404K, committed 576K, reserved 1114112K
  class space    used 23K, committed 128K, reserved 1048576K
}
Event: 0.148 GC heap before
{Heap before GC invocations=2 (full 0):
 garbage-first heap   total 258048K, used 56670K [0x0000000704e00000, 0x0000000800000000)
  region size 2048K, 23 young (47104K), 2 survivors (4096K)
 Metaspace       used 429K, committed 576K, reserved 1114112K
  class space    used 23K, committed 128K, reserved 1048576K
}
Event: 0.155 GC heap after
{Heap after GC invocations=3 (full 0):
 garbage-first heap   total 258048K, used 31663K [0x0000000704e00000, 0x0000000800000000)
  region size 2048K, 3 young (6144K), 3 survivors (6144K)
 Metaspace       used 429K, committed 576K, reserved 1114112K
  class space    used 23K, committed 128K, reserved 1048576K
}
Event: 0.407 GC heap before
{Heap before GC invocations=3 (full 0):
 garbage-first heap   total 258048K, used 86959K [0x0000000704e00000, 0x0000000800000000)
  region size 2048K, 30 young (61440K), 3 survivors (6144K)
 Metaspace       used 495K, committed 704K, reserved 1114112K
  class space    used 28K, committed 128K, reserved 1048576K
}
Event: 0.417 GC heap after
{Heap after GC invocations=4 (full 0):
 garbage-first heap   total 258048K, used 47530K [0x0000000704e00000, 0x0000000800000000)
  region size 2048K, 4 young (8192K), 4 survivors (8192K)
 Metaspace       used 495K, committed 704K, reserved 1114112K
  class space    used 28K, committed 128K, reserved 1048576K
}
Event: 0.695 GC heap before
{Heap before GC invocations=4 (full 0):
 garbage-first heap   total 258048K, used 108970K [0x0000000704e00000, 0x0000000800000000)
  region size 2048K, 34 young (69632K), 4 survivors (8192K)
 Metaspace       used 2041K, committed 2176K, reserved 1114112K
  class space    used 166K, committed 256K, reserved 1048576K
}
Event: 0.702 GC heap after
{Heap after GC invocations=5 (full 0):
 garbage-first heap   total 509952K, used 56737K [0x0000000704e00000, 0x0000000800000000)
  region size 2048K, 5 young (10240K), 5 survivors (10240K)
 Metaspace       used 2041K, committed 2176K, reserved 1114112K
  class space    used 166K, committed 256K, reserved 1048576K
}
Event: 1.164 GC heap before
{Heap before GC invocations=5 (full 0):
 garbage-first heap   total 509952K, used 271777K [0x0000000704e00000, 0x0000000800000000)
  region size 2048K, 112 young (229376K), 5 survivors (10240K)
 Metaspace       used 2256K, committed 2368K, reserved 1114112K
  class space    used 194K, committed 256K, reserved 1048576K
}
Event: 1.193 GC heap after
{Heap after GC invocations=6 (full 1):
 garbage-first heap   total 225280K, used 57941K [0x0000000704e00000, 0x0000000800000000)
  region size 2048K, 0 young (0K), 0 survivors (0K)
 Metaspace       used 2256K, committed 2368K, reserved 1114112K
  class space    used 194K, committed 256K, reserved 1048576K
}
Event: 36.588 GC heap before
{Heap before GC invocations=6 (full 1):
 garbage-first heap   total 225280K, used 131669K [0x0000000704e00000, 0x0000000800000000)
  region size 2048K, 37 young (75776K), 0 survivors (0K)
 Metaspace       used 2595K, committed 2752K, reserved 1114112K
  class space    used 232K, committed 320K, reserved 1048576K
}
Event: 36.592 GC heap after
{Heap after GC invocations=7 (full 1):
 garbage-first heap   total 225280K, used 63536K [0x0000000704e00000, 0x0000000800000000)
  region size 2048K, 3 young (6144K), 3 survivors (6144K)
 Metaspace       used 2595K, committed 2752K, reserved 1114112K
  class space    used 232K, committed 320K, reserved 1048576K
}
Event: 88.027 GC heap before
{Heap before GC invocations=7 (full 1):
 garbage-first heap   total 225280K, used 137264K [0x0000000704e00000, 0x0000000800000000)
  region size 2048K, 40 young (81920K), 3 survivors (6144K)
 Metaspace       used 2603K, committed 2816K, reserved 1114112K
  class space    used 232K, committed 320K, reserved 1048576K
}
Event: 88.030 GC heap after
{Heap after GC invocations=8 (full 1):
 garbage-first heap   total 225280K, used 64407K [0x0000000704e00000, 0x0000000800000000)
  region size 2048K, 4 young (8192K), 4 survivors (8192K)
 Metaspace       used 2603K, committed 2816K, reserved 1114112K
  class space    used 232K, committed 320K, reserved 1048576K
}

